-------------------------------------------------------------------------------
Test set: controleur.EstimationProd.GridControllerTest
-------------------------------------------------------------------------------
Tests run: 2, Failures: 0, Errors: 0, Skipped: 0, Time elapsed: 3.731 s -- in controleur.EstimationProd.GridControllerTest
controleur.EstimationProd.GridControllerTest.createEstimateWorkerSuccessCallsCallback -- Time elapsed: 3.623 s
controleur.EstimationProd.GridControllerTest.invalidLatitudeTriggersErrorAndNoServiceCall -- Time elapsed: 0.041 s
