-------------------------------------------------------------------------------
Test set: controleur.EstimationProd.OffGridControllerTest
-------------------------------------------------------------------------------
Tests run: 3, Failures: 0, Errors: 0, Skipped: 0, Time elapsed: 0.385 s -- in controleur.EstimationProd.OffGridControllerTest
controleur.EstimationProd.OffGridControllerTest.errorCallback -- Time elapsed: 0.222 s
controleur.EstimationProd.OffGridControllerTest.invalidLatitudeNoServiceCall -- Time elapsed: 0.074 s
controleur.EstimationProd.OffGridControllerTest.successCallback -- Time elapsed: 0.067 s
