-------------------------------------------------------------------------------
Test set: controleur.EstimationProd.TrackerControllerTest
-------------------------------------------------------------------------------
Tests run: 3, Failures: 0, Errors: 0, Skipped: 0, Time elapsed: 0.163 s -- in controleur.EstimationProd.TrackerControllerTest
controleur.EstimationProd.TrackerControllerTest.successTwoAxis -- Time elapsed: 0.056 s
controleur.EstimationProd.TrackerControllerTest.errorPropagated -- Time elapsed: 0.043 s
controleur.EstimationProd.TrackerControllerTest.invalidLatitudeDoesNotCallService -- Time elapsed: 0.059 s
