-------------------------------------------------------------------------------
Test set: controleur.EstimationProd.TrackerControllerTest
-------------------------------------------------------------------------------
Tests run: 3, Failures: 0, Errors: 0, Skipped: 0, Time elapsed: 2.616 s -- in controleur.EstimationProd.TrackerControllerTest
controleur.EstimationProd.TrackerControllerTest.successTwoAxis -- Time elapsed: 2.415 s
controleur.EstimationProd.TrackerControllerTest.errorPropagated -- Time elapsed: 0.070 s
controleur.EstimationProd.TrackerControllerTest.invalidLatitudeDoesNotCallService -- Time elapsed: 0.062 s
