-------------------------------------------------------------------------------
Test set: controleur.EstimationProd.GridControllerTest
-------------------------------------------------------------------------------
Tests run: 2, Failures: 0, Errors: 0, Skipped: 0, Time elapsed: 2.812 s -- in controleur.EstimationProd.GridControllerTest
controleur.EstimationProd.GridControllerTest.createEstimateWorkerSuccessCallsCallback -- Time elapsed: 2.647 s
controleur.EstimationProd.GridControllerTest.invalidLatitudeTriggersErrorAndNoServiceCall -- Time elapsed: 0.103 s
