-------------------------------------------------------------------------------
Test set: modele.pvgis.PVRequestsEqualityTest
-------------------------------------------------------------------------------
Tests run: 2, Failures: 0, Errors: 0, Skipped: 0, Time elapsed: 0.154 s -- in modele.pvgis.PVRequestsEqualityTest
modele.pvgis.PVRequestsEqualityTest.pvcalc_request_equals_and_hashcode -- Time elapsed: 0.058 s
modele.pvgis.PVRequestsEqualityTest.offgrid_request_equals_and_hashcode -- Time elapsed: 0.008 s
