-------------------------------------------------------------------------------
Test set: service.pvgis.PVGISServiceTest
-------------------------------------------------------------------------------
Tests run: 3, Failures: 0, Errors: 0, Skipped: 0, Time elapsed: 0.016 s -- in service.pvgis.PVGISServiceTest
service.pvgis.PVGISServiceTest.testMalformedJsonGraceful -- Time elapsed: 0.006 s
service.pvgis.PVGISServiceTest.testOffGridUrlBuild -- Time elapsed: 0.002 s
service.pvgis.PVGISServiceTest.testPVcalcTrackerUrlBuild -- Time elapsed: 0.002 s
