-------------------------------------------------------------------------------
Test set: service.pvgis.PVGISParserOffGridTest
-------------------------------------------------------------------------------
Tests run: 3, Failures: 0, Errors: 0, Skipped: 0, Time elapsed: 0.013 s -- in service.pvgis.PVGISParserOffGridTest
service.pvgis.PVGISParserOffGridTest.histogram_present -- Time elapsed: 0.001 s
service.pvgis.PVGISParserOffGridTest.offgrid_monthly_array_and_missing_fields -- Time elapsed: 0.001 s
service.pvgis.PVGISParserOffGridTest.empty_json_returns_empty_result -- Time elapsed: 0 s
