-------------------------------------------------------------------------------
Test set: service.pvgis.PVGISServiceUrlVariantsTest
-------------------------------------------------------------------------------
Tests run: 3, Failures: 0, Errors: 0, Skipped: 0, Time elapsed: 0.006 s -- in service.pvgis.PVGISServiceUrlVariantsTest
service.pvgis.PVGISServiceUrlVariantsTest.minimalGridOptionalOmitted -- Time elapsed: 0.002 s
service.pvgis.PVGISServiceUrlVariantsTest.twoAxisAndGlobalAndAngles -- Time elapsed: 0.001 s
service.pvgis.PVGISServiceUrlVariantsTest.offGridHorizonAndAngleAspect -- Time elapsed: 0.001 s
