-------------------------------------------------------------------------------
Test set: service.pvgis.PVGISParserPVCalcTest
-------------------------------------------------------------------------------
Tests run: 7, Failures: 0, Errors: 0, Skipped: 0, Time elapsed: 0.018 s -- in service.pvgis.PVGISParserPVCalcTest
service.pvgis.PVGISParserPVCalcTest.pvcalc_fallback_Ed_key -- Time elapsed: 0.001 s
service.pvgis.PVGISParserPVCalcTest.pvcalc_fixed_Em_converted_and_irradiation_aligned -- Time elapsed: 0.001 s
service.pvgis.PVGISParserPVCalcTest.invalid_json_returns_empty -- Time elapsed: 0.002 s
service.pvgis.PVGISParserPVCalcTest.pvcalc_irradiation_mismatch_ignored -- Time elapsed: 0.003 s
service.pvgis.PVGISParserPVCalcTest.pvcalc_two_axis_priority -- Time elapsed: 0.001 s
service.pvgis.PVGISParserPVCalcTest.pvcalc_vertical_axis_if_no_two_axis -- Time elapsed: 0.001 s
service.pvgis.PVGISParserPVCalcTest.pvcalc_histogram_and_H_m -- Time elapsed: 0.001 s
