-------------------------------------------------------------------------------
Test set: service.export.ExportStrategiesTest
-------------------------------------------------------------------------------
Tests run: 4, Failures: 0, Errors: 0, Skipped: 0, Time elapsed: 1.022 s -- in service.export.ExportStrategiesTest
service.export.ExportStrategiesTest.testCsvExport_withFinance -- Time elapsed: 0.057 s
service.export.ExportStrategiesTest.testPdfExport_emptyData -- Time elapsed: 0.016 s
service.export.ExportStrategiesTest.testCsvExport_withoutFinance -- Time elapsed: 0 s
service.export.ExportStrategiesTest.testPdfExport_basic -- Time elapsed: 0.930 s
